# JRE version: Java(TM) SE Runtime Environment (8.0_112-b15) (build 1.8.0_112-b15)
# Java VM: Java HotSpot(TM) 64-Bit Server VM (25.112-b15 mixed mode windows-amd64 compressed oops)
Heap:
 PSYoungGen      total 57856K, used 2319K [0x00000007bc400000, 0x00000007c0000000, 0x00000007c0000000)
  eden space 54272K, 4% used [0x00000007bc400000,0x00000007bc643ce8,0x00000007bf900000)
  from space 3584K, 0% used [0x00000007bf900000,0x00000007bf900000,0x00000007bfc80000)
  to   space 3584K, 0% used [0x00000007bfc80000,0x00000007bfc80000,0x00000007c0000000)
 ParOldGen       total 164352K, used 52260K [0x0000000700000000, 0x000000070a080000, 0x00000007bc400000)
  object space 164352K, 31% used [0x0000000700000000,0x0000000703309248,0x000000070a080000)
 Metaspace       used 67710K, capacity 68377K, committed 69248K, reserved 1110016K
  class space    used 9117K, capacity 9260K, committed 9344K, reserved 1048576K
GC Heap History (10 events):
Event: 1112.830 GC heap before
{Heap before GC invocations=182 (full 57):
 PSYoungGen      total 57856K, used 3216K [0x00000007bc400000, 0x00000007c0000000, 0x00000007c0000000)
  eden space 54272K, 0% used [0x00000007bc400000,0x00000007bc400000,0x00000007bf900000)
  from space 3584K, 89% used [0x00000007bf900000,0x00000007bfc242f8,0x00000007bfc80000)
  to   space 3584K, 0% used [0x00000007bfc80000,0x00000007bfc80000,0x00000007c0000000)
 ParOldGen       total 164352K, used 55187K [0x0000000700000000, 0x000000070a080000, 0x00000007bc400000)
  object space 164352K, 33% used [0x0000000700000000,0x00000007035e4f20,0x000000070a080000)
 Metaspace       used 67703K, capacity 68313K, committed 69248K, reserved 1110016K
  class space    used 9117K, capacity 9260K, committed 9344K, reserved 1048576K
Event: 1112.942 GC heap after
Heap after GC invocations=182 (full 57):
 PSYoungGen      total 57856K, used 0K [0x00000007bc400000, 0x00000007c0000000, 0x00000007c0000000)
  eden space 54272K, 0% used [0x00000007bc400000,0x00000007bc400000,0x00000007bf900000)
  from space 3584K, 0% used [0x00000007bf900000,0x00000007bf900000,0x00000007bfc80000)
  to   space 3584K, 0% used [0x00000007bfc80000,0x00000007bfc80000,0x00000007c0000000)
 ParOldGen       total 164352K, used 52670K [0x0000000700000000, 0x000000070a080000, 0x00000007bc400000)
  object space 164352K, 32% used [0x0000000700000000,0x000000070336fb08,0x000000070a080000)
 Metaspace       used 67703K, capacity 68313K, committed 69248K, reserved 1110016K
  class space    used 9117K, capacity 9260K, committed 9344K, reserved 1048576K
}
Event: 1112.962 GC heap before
{Heap before GC invocations=183 (full 57):
 PSYoungGen      total 57856K, used 5769K [0x00000007bc400000, 0x00000007c0000000, 0x00000007c0000000)
  eden space 54272K, 10% used [0x00000007bc400000,0x00000007bc9a2628,0x00000007bf900000)
  from space 3584K, 0% used [0x00000007bf900000,0x00000007bf900000,0x00000007bfc80000)
  to   space 3584K, 0% used [0x00000007bfc80000,0x00000007bfc80000,0x00000007c0000000)
 ParOldGen       total 164352K, used 52670K [0x0000000700000000, 0x000000070a080000, 0x00000007bc400000)
  object space 164352K, 32% used [0x0000000700000000,0x000000070336fb08,0x000000070a080000)
 Metaspace       used 67709K, capacity 68313K, committed 69248K, reserved 1110016K
  class space    used 9117K, capacity 9260K, committed 9344K, reserved 1048576K
Event: 1112.965 GC heap after
Heap after GC invocations=183 (full 57):
 PSYoungGen      total 57856K, used 2130K [0x00000007bc400000, 0x00000007c0000000, 0x00000007c0000000)
  eden space 54272K, 0% used [0x00000007bc400000,0x00000007bc400000,0x00000007bf900000)
  from space 3584K, 59% used [0x00000007bfc80000,0x00000007bfe94b30,0x00000007c0000000)
  to   space 3584K, 0% used [0x00000007bf900000,0x00000007bf900000,0x00000007bfc80000)
 ParOldGen       total 164352K, used 56164K [0x0000000700000000, 0x000000070a080000, 0x00000007bc400000)
  object space 164352K, 34% used [0x0000000700000000,0x00000007036d9168,0x000000070a080000)
 Metaspace       used 67709K, capacity 68313K, committed 69248K, reserved 1110016K
  class space    used 9117K, capacity 9260K, committed 9344K, reserved 1048576K
}
Event: 1112.965 GC heap before
{Heap before GC invocations=184 (full 58):
 PSYoungGen      total 57856K, used 2130K [0x00000007bc400000, 0x00000007c0000000, 0x00000007c0000000)
  eden space 54272K, 0% used [0x00000007bc400000,0x00000007bc400000,0x00000007bf900000)
  from space 3584K, 59% used [0x00000007bfc80000,0x00000007bfe94b30,0x00000007c0000000)
  to   space 3584K, 0% used [0x00000007bf900000,0x00000007bf900000,0x00000007bfc80000)
 ParOldGen       total 164352K, used 56164K [0x0000000700000000, 0x000000070a080000, 0x00000007bc400000)
  object space 164352K, 34% used [0x0000000700000000,0x00000007036d9168,0x000000070a080000)
 Metaspace       used 67709K, capacity 68313K, committed 69248K, reserved 1110016K
  class space    used 9117K, capacity 9260K, committed 9344K, reserved 1048576K
Event: 1113.020 GC heap after
Heap after GC invocations=184 (full 58):
 PSYoungGen      total 57856K, used 0K [0x00000007bc400000, 0x00000007c0000000, 0x00000007c0000000)
  eden space 54272K, 0% used [0x00000007bc400000,0x00000007bc400000,0x00000007bf900000)
  from space 3584K, 0% used [0x00000007bfc80000,0x00000007bfc80000,0x00000007c0000000)
  to   space 3584K, 0% used [0x00000007bf900000,0x00000007bf900000,0x00000007bfc80000)
 ParOldGen       total 164352K, used 52265K [0x0000000700000000, 0x000000070a080000, 0x00000007bc400000)
  object space 164352K, 31% used [0x0000000700000000,0x000000070330a7b8,0x000000070a080000)
 Metaspace       used 67709K, capacity 68313K, committed 69248K, reserved 1110016K
  class space    used 9117K, capacity 9260K, committed 9344K, reserved 1048576K
}
Event: 1113.042 GC heap before
{Heap before GC invocations=185 (full 58):
 PSYoungGen      total 57856K, used 7559K [0x00000007bc400000, 0x00000007c0000000, 0x00000007c0000000)
  eden space 54272K, 13% used [0x00000007bc400000,0x00000007bcb61d88,0x00000007bf900000)
  from space 3584K, 0% used [0x00000007bfc80000,0x00000007bfc80000,0x00000007c0000000)
  to   space 3584K, 0% used [0x00000007bf900000,0x00000007bf900000,0x00000007bfc80000)
 ParOldGen       total 164352K, used 52265K [0x0000000700000000, 0x000000070a080000, 0x00000007bc400000)
  object space 164352K, 31% used [0x0000000700000000,0x000000070330a7b8,0x000000070a080000)
 Metaspace       used 67710K, capacity 68377K, committed 69248K, reserved 1110016K
  class space    used 9117K, capacity 9260K, committed 9344K, reserved 1048576K
Event: 1113.045 GC heap after
Heap after GC invocations=185 (full 58):
 PSYoungGen      total 57856K, used 2034K [0x00000007bc400000, 0x00000007c0000000, 0x00000007c0000000)
  eden space 54272K, 0% used [0x00000007bc400000,0x00000007bc400000,0x00000007bf900000)
  from space 3584K, 56% used [0x00000007bf900000,0x00000007bfafcb30,0x00000007bfc80000)
  to   space 3584K, 0% used [0x00000007bfc80000,0x00000007bfc80000,0x00000007c0000000)
 ParOldGen       total 164352K, used 55759K [0x0000000700000000, 0x000000070a080000, 0x00000007bc400000)
  object space 164352K, 33% used [0x0000000700000000,0x0000000703673e18,0x000000070a080000)
 Metaspace       used 67710K, capacity 68377K, committed 69248K, reserved 1110016K
  class space    used 9117K, capacity 9260K, committed 9344K, reserved 1048576K
}
Event: 1113.045 GC heap before
{Heap before GC invocations=186 (full 59):
 PSYoungGen      total 57856K, used 2034K [0x00000007bc400000, 0x00000007c0000000, 0x00000007c0000000)
  eden space 54272K, 0% used [0x00000007bc400000,0x00000007bc400000,0x00000007bf900000)
  from space 3584K, 56% used [0x00000007bf900000,0x00000007bfafcb30,0x00000007bfc80000)
  to   space 3584K, 0% used [0x00000007bfc80000,0x00000007bfc80000,0x00000007c0000000)
 ParOldGen       total 164352K, used 55759K [0x0000000700000000, 0x000000070a080000, 0x00000007bc400000)
  object space 164352K, 33% used [0x0000000700000000,0x0000000703673e18,0x000000070a080000)
 Metaspace       used 67710K, capacity 68377K, committed 69248K, reserved 1110016K
  class space    used 9117K, capacity 9260K, committed 9344K, reserved 1048576K
Event: 1113.111 GC heap after
Heap after GC invocations=186 (full 59):
 PSYoungGen      total 57856K, used 0K [0x00000007bc400000, 0x00000007c0000000, 0x00000007c0000000)
  eden space 54272K, 0% used [0x00000007bc400000,0x00000007bc400000,0x00000007bf900000)
  from space 3584K, 0% used [0x00000007bf900000,0x00000007bf900000,0x00000007bfc80000)
  to   space 3584K, 0% used [0x00000007bfc80000,0x00000007bfc80000,0x00000007c0000000)
 ParOldGen       total 164352K, used 52260K [0x0000000700000000, 0x000000070a080000, 0x00000007bc400000)
  object space 164352K, 31% used [0x0000000700000000,0x0000000703309248,0x000000070a080000)
 Metaspace       used 67710K, capacity 68377K, committed 69248K, reserved 1110016K
  class space    used 9117K, capacity 9260K, committed 9344K, reserved 1048576K
}

